0 info it worked if it ends with ok
1 verbose cli [ 'C:\\Program Files\\nodejs\\node.exe',
1 verbose cli   'C:\\Program Files\\nodejs\\node_modules\\npm\\bin\\npm-cli.js',
1 verbose cli   'run',
1 verbose cli   'lint' ]
2 info using npm@3.3.12
3 info using node@v5.5.0
4 verbose run-script [ 'prelint', 'lint', 'postlint' ]
5 info lifecycle complete-intro-to-react@1.0.0~prelint: complete-intro-to-react@1.0.0
6 silly lifecycle complete-intro-to-react@1.0.0~prelint: no script for prelint, continuing
7 info lifecycle complete-intro-to-react@1.0.0~lint: complete-intro-to-react@1.0.0
8 verbose lifecycle complete-intro-to-react@1.0.0~lint: unsafe-perm in lifecycle true
9 verbose lifecycle complete-intro-to-react@1.0.0~lint: PATH: C:\Program Files\nodejs\node_modules\npm\bin\node-gyp-bin;C:\Users\Ray\Desktop\code\1holt\complete-intro-to-react\node_modules\.bin;C:\Users\Ray\bin;C:\Program Files (x86)\Git\mingw32\bin;C:\Program Files (x86)\Git\usr\local\bin;C:\Program Files (x86)\Git\usr\bin;C:\Program Files (x86)\Git\usr\bin;C:\Program Files (x86)\Git\mingw32\bin;C:\Program Files (x86)\Git\usr\bin;C:\Users\Ray\bin;C:\ProgramData\Oracle\Java\javapath;C:\Windows\system32;C:\Windows;C:\Windows\System32\Wbem;C:\Windows\System32\WindowsPowerShell\v1.0;C:\Program Files (x86)\ATI Technologies\ATI.ACE\Core-Static;C:\Program Files\Java\jdk1.8.0_73;C:\HashiCorp\Vagrant\bin;C:\Program Files (x86)\Heroku\bin;C:\Program Files (x86)\git\cmd;C:\Program Files\MongoDB\Server\3.2\bin;C:\Users\Ray\.dnx\bin;C:\Program Files\Microsoft DNX\Dnvm;C:\Program Files\Microsoft SQL Server\130\Tools\Binn;C:\Program Files\nodejs;C:\Program Files (x86)\Git\cmd;C:\Program Files (x86)\NVIDIA Corporation\PhysX\Common;C:\Users\Ray\AppData\Local\atom\bin;C:\Users\Ray\AppData\Roaming\npm;C:\Users\Ray\AppData\Local\.meteor;C:\Users\Ray\AppData\Roaming\Dashlane\4.5.2.16147\bin\Firefox_Extension\{442718d9-475e-452a-b3e1-fb1ee16b8e9f}\components;C:\Program Files (x86)\Git\usr\bin\vendor_perl;C:\Program Files (x86)\Git\usr\bin\core_perl
10 verbose lifecycle complete-intro-to-react@1.0.0~lint: CWD: C:\Users\Ray\Desktop\code\1holt\complete-intro-to-react
11 silly lifecycle complete-intro-to-react@1.0.0~lint: Args: [ '/d /s /c', 'standard' ]
12 silly lifecycle complete-intro-to-react@1.0.0~lint: Returned: code: 1  signal: null
13 info lifecycle complete-intro-to-react@1.0.0~lint: Failed to exec lint script
14 verbose stack Error: complete-intro-to-react@1.0.0 lint: `standard`
14 verbose stack Exit status 1
14 verbose stack     at EventEmitter.<anonymous> (C:\Program Files\nodejs\node_modules\npm\lib\utils\lifecycle.js:232:16)
14 verbose stack     at emitTwo (events.js:100:13)
14 verbose stack     at EventEmitter.emit (events.js:185:7)
14 verbose stack     at ChildProcess.<anonymous> (C:\Program Files\nodejs\node_modules\npm\lib\utils\spawn.js:24:14)
14 verbose stack     at emitTwo (events.js:100:13)
14 verbose stack     at ChildProcess.emit (events.js:185:7)
14 verbose stack     at maybeClose (internal/child_process.js:821:16)
14 verbose stack     at Process.ChildProcess._handle.onexit (internal/child_process.js:211:5)
15 verbose pkgid complete-intro-to-react@1.0.0
16 verbose cwd C:\Users\Ray\Desktop\code\1holt\complete-intro-to-react
17 error Windows_NT 10.0.10586
18 error argv "C:\\Program Files\\nodejs\\node.exe" "C:\\Program Files\\nodejs\\node_modules\\npm\\bin\\npm-cli.js" "run" "lint"
19 error node v5.5.0
20 error npm  v3.3.12
21 error code ELIFECYCLE
22 error complete-intro-to-react@1.0.0 lint: `standard`
22 error Exit status 1
23 error Failed at the complete-intro-to-react@1.0.0 lint script 'standard'.
23 error Make sure you have the latest version of node.js and npm installed.
23 error If you do, this is most likely a problem with the complete-intro-to-react package,
23 error not with npm itself.
23 error Tell the author that this fails on your system:
23 error     standard
23 error You can get their info via:
23 error     npm owner ls complete-intro-to-react
23 error There is likely additional logging output above.
24 verbose exit [ 1, true ]
